13:22:00.281 INFO [GridLauncherV3.parse] - Selenium server version: 3.141.59, revision: e82be7d358
13:22:00.326 INFO [GridLauncherV3.lambda$buildLaunchers$3] - Launching a standalone Selenium Server on port 4444
2020-10-19 13:22:00.359:INFO::main: Logging initialized @213ms to org.seleniumhq.jetty9.util.log.StdErrLog
13:22:00.515 INFO [WebDriverServlet.<init>] - Initialising WebDriverServlet
13:22:00.578 INFO [SeleniumServer.boot] - Selenium Server is up and running on port 4444
13:22:00.812 INFO [ActiveSessionFactory.apply] - Capabilities are: {
  "acceptSslCerts": true,
  "browserName": "chrome",
  "chromeOptions": {
    "args": [
      "incognito",
      "start-fullscreen"
    ]
  },
  "javascriptEnabled": true,
  "marionette": true,
  "name": "Google Group\u002fGoogle Pl"
}
13:22:00.814 INFO [ActiveSessionFactory.lambda$apply$11] - Matched factory org.openqa.selenium.grid.session.remote.ServicedSession$Factory (provider: org.openqa.selenium.chrome.ChromeDriverService)
Starting ChromeDriver 86.0.4240.22 (398b0743353ff36fb1b82468f63a3a93b4e2e89e-refs/branch-heads/4240@{#378}) on port 8076
Only local connections are allowed.
Please see https://chromedriver.chromium.org/security-considerations for suggestions on keeping ChromeDriver safe.
ChromeDriver was started successfully.
13:22:02.158 INFO [ProtocolHandshake.createSession] - Detected dialect: W3C
13:22:02.186 INFO [RemoteSession$Factory.lambda$performHandshake$0] - Started new session a8a43a680998ad22eb551029970f3ba6 (org.openqa.selenium.chrome.ChromeDriverService)
13:22:02.835 INFO [ActiveSessions$1.onStop] - Removing session a8a43a680998ad22eb551029970f3ba6 (org.openqa.selenium.chrome.ChromeDriverService)
